<?xml version="1.0" encoding="utf-8"?><testsuites name="pytest tests"><testsuite name="pytest" errors="0" failures="0" skipped="0" tests="7" time="6.466" timestamp="2026-07-01T20:34:50.035136+00:00" hostname="agent-env-23ff8573-df7b-4bfc-b0f9-6a4919e8e00e"><testcase classname="tests.backend_test.TestAuthLogin" name="test_login_success_valid_credentials" time="0.210" /><testcase classname="tests.backend_test.TestAuthLogin" name="test_login_invalid_password" time="0.154" /><testcase classname="tests.backend_test.TestRolesAndLive" name="test_roles_by_user_id" time="0.301" /><testcase classname="tests.backend_test.TestRolesAndLive" name="test_live_vehicles_post" time="0.077" /><testcase classname="tests.backend_test.TestAuthLogin" name="test_login_multiple_attempts_still_works" time="1.260" /><testcase classname="tests.backend_test.TestBackendStability" name="test_backend_stays_up_multiple_requests" time="5.691" /><testcase classname="tests.backend_test.TestAuthLogin" name="test_login_username_alias_admin" time="0.125" /></testsuite></testsuites>